2025-12-11 15:14:10,330 - __main__ - INFO - [SEARCH] Validating game system integrity...
2025-12-11 15:14:10,687 - game3d.cache.manager - INFO - Initialized occupancy cache from board setup: 486 pieces
2025-12-11 15:14:10,689 - __main__ - INFO - Testing move generation...
2025-12-11 15:14:28,932 - __main__ - INFO - [OK] Generated 2594 moves
2025-12-11 15:14:28,932 - __main__ - INFO - Testing GameState caching...
2025-12-11 15:14:28,932 - __main__ - INFO - [OK] GameState caching works (via MoveCache)
2025-12-11 15:14:28,932 - __main__ - INFO - Testing MoveCache persistence...
2025-12-11 15:14:28,932 - __main__ - INFO - [OK] MoveCache works correctly
2025-12-11 15:14:28,932 - __main__ - INFO - Final cache stats: {'legal_hit_rate': np.float64(0.75), 'pseudolegal_hit_rate': np.float64(0.0), 'piece_hit_rate': np.float64(0.0), 'total_moves_cached': np.int32(2594), 'piece_moves_cache_size': 130, 'prune_operations': 0, 'cache_hits': np.int32(3), 'cache_misses': np.int32(1)}
2025-12-11 15:14:30,300 - __main__ - INFO - Saved temporary checkpoint: model_checkpoints/train_huge_20251211_151406/temp_model_for_selfplay.pt
2025-12-11 15:14:30,300 - training.parallel_self_play - INFO - Starting Client-Server Self-Play: 60 games, 10 workers
2025-12-11 15:14:33,119 - training.parallel_self_play - INFO - Launching workers...
2025-12-11 15:14:46,331 - InferenceServer - INFO - Starting Server on cuda (Batch Size: 10)
2025-12-11 15:14:54,419 - game3d.cache.manager - INFO - Initialized occupancy cache from board setup: 486 pieces
2025-12-11 15:14:54,421 - game3d.cache.manager - DEBUG - Created cache manager #1 for board 140623543457424
2025-12-11 15:14:54,596 - game3d.cache.manager - INFO - Initialized occupancy cache from board setup: 486 pieces
2025-12-11 15:14:54,598 - game3d.cache.manager - DEBUG - Created cache manager #1 for board 139714805570944
2025-12-11 15:14:54,650 - game3d.cache.manager - INFO - Initialized occupancy cache from board setup: 486 pieces
2025-12-11 15:14:54,651 - game3d.cache.manager - DEBUG - Created cache manager #1 for board 139740893109920
2025-12-11 15:14:54,722 - game3d.cache.manager - INFO - Initialized occupancy cache from board setup: 486 pieces
2025-12-11 15:14:54,724 - game3d.cache.manager - DEBUG - Created cache manager #1 for board 140453957244752
2025-12-11 15:14:54,734 - game3d.cache.manager - INFO - Initialized occupancy cache from board setup: 486 pieces
2025-12-11 15:14:54,736 - game3d.cache.manager - DEBUG - Created cache manager #1 for board 140419653145872
2025-12-11 15:14:54,747 - game3d.cache.manager - INFO - Initialized occupancy cache from board setup: 486 pieces
2025-12-11 15:14:54,749 - game3d.cache.manager - DEBUG - Created cache manager #1 for board 139710405746576
2025-12-11 15:14:54,810 - game3d.cache.manager - INFO - Initialized occupancy cache from board setup: 486 pieces
2025-12-11 15:14:54,811 - game3d.cache.manager - DEBUG - Created cache manager #1 for board 140283167297920
2025-12-11 15:14:54,819 - game3d.cache.manager - INFO - Initialized occupancy cache from board setup: 486 pieces
2025-12-11 15:14:54,820 - game3d.cache.manager - DEBUG - Created cache manager #1 for board 140264966117248
2025-12-11 15:14:54,837 - game3d.cache.manager - INFO - Initialized occupancy cache from board setup: 486 pieces
2025-12-11 15:14:54,838 - game3d.cache.manager - DEBUG - Created cache manager #1 for board 139876573600624
2025-12-11 15:14:54,840 - game3d.cache.manager - INFO - Initialized occupancy cache from board setup: 486 pieces
2025-12-11 15:14:54,841 - game3d.cache.manager - DEBUG - Created cache manager #1 for board 140393089537824
2025-12-11 15:14:55,903 - InferenceServer - INFO - Detected compiled model (OptimizedModule). Loading weights into underlying _orig_mod.
2025-12-11 15:14:55,907 - InferenceServer - INFO - Model already compiled (or compilation unavailable), skipping re-compile.
2025-12-11 15:14:55,907 - InferenceServer - INFO - Server Ready. Listening...
2025-12-11 15:14:55,913 - InferenceServer - INFO - Processing first batch (this may trigger compilation)...
2025-12-11 15:14:58,318 - InferenceServer - INFO - First batch processed.
2025-12-11 15:15:12,399 - filelock - DEBUG - Attempting to acquire lock 140280076423184 on /tmp/torchinductor_salamimommy/locks/c6nc4c3n23q243hd35kjssaeh4b477sbyifhui2oulilbs56pbkq.lock
2025-12-11 15:15:12,399 - filelock - DEBUG - Lock 140280076423184 acquired on /tmp/torchinductor_salamimommy/locks/c6nc4c3n23q243hd35kjssaeh4b477sbyifhui2oulilbs56pbkq.lock
2025-12-11 15:15:13,895 - filelock - DEBUG - Attempting to release lock 140280076423184 on /tmp/torchinductor_salamimommy/locks/c6nc4c3n23q243hd35kjssaeh4b477sbyifhui2oulilbs56pbkq.lock
2025-12-11 15:15:13,895 - filelock - DEBUG - Lock 140280076423184 released on /tmp/torchinductor_salamimommy/locks/c6nc4c3n23q243hd35kjssaeh4b477sbyifhui2oulilbs56pbkq.lock
2025-12-11 15:15:13,896 - filelock - DEBUG - Attempting to acquire lock 140279756604432 on /tmp/torchinductor_salamimommy/locks/cs3ckc3nlqqdamg25egnlvhwshkaajnyvlnz3pdsyqpygf3w3pxa.lock
2025-12-11 15:15:13,896 - filelock - DEBUG - Lock 140279756604432 acquired on /tmp/torchinductor_salamimommy/locks/cs3ckc3nlqqdamg25egnlvhwshkaajnyvlnz3pdsyqpygf3w3pxa.lock
2025-12-11 15:15:13,896 - filelock - DEBUG - Attempting to release lock 140279756604432 on /tmp/torchinductor_salamimommy/locks/cs3ckc3nlqqdamg25egnlvhwshkaajnyvlnz3pdsyqpygf3w3pxa.lock
2025-12-11 15:15:13,896 - filelock - DEBUG - Lock 140279756604432 released on /tmp/torchinductor_salamimommy/locks/cs3ckc3nlqqdamg25egnlvhwshkaajnyvlnz3pdsyqpygf3w3pxa.lock
2025-12-11 15:15:27,582 - game3d.game.turnmove - INFO - Move 100: WHITE PAWN [1 2 2]->[1 2 3] (Capture)
2025-12-11 15:15:27,583 - game3d.game.turnmove - INFO - Move 100: WHITE SWAPPER [0 2 0]->[2 2 2] (Move)
2025-12-11 15:15:27,646 - game3d.game.turnmove - INFO - Move 100: WHITE PAWN [1 2 2]->[1 2 3] (Capture)
2025-12-11 15:15:27,647 - game3d.game.turnmove - INFO - Move 100: WHITE INFILTRATOR [2 5 1]->[3 5 2] (Capture)
2025-12-11 15:15:27,651 - game3d.game.turnmove - INFO - Move 100: BLACK ECHO [3 7 7]->[5 4 5] (Move)
2025-12-11 15:15:27,707 - game3d.game.turnmove - INFO - Move 100: WHITE GEOMANCER [3 0 1]->[6 0 4] (Move)
2025-12-11 15:15:28,025 - game3d.game.turnmove - INFO - Move 100: BLACK PANEL [2 2 8]->[3 2 8] (Capture)
2025-12-11 15:15:28,150 - game3d.game.turnmove - INFO - Move 100: BLACK PAWN [7 1 6]->[7 1 5] (Move)
2025-12-11 15:15:29,715 - game3d.game.turnmove - INFO - Move 100: BLACK PAWN [3 5 6]->[3 5 4] (Move)
2025-12-11 15:15:39,056 - game3d.game.turnmove - INFO - Move 200: BLACK ORBITER [0 4 5]->[1 2 3] (Capture)
2025-12-11 15:15:39,057 - game3d.game.turnmove - INFO - Move 200: WHITE ORBITER [5 0 3]->[6 1 6] (Capture)
2025-12-11 15:15:39,112 - game3d.game.turnmove - INFO - Move 200: BLACK PAWN [6 5 6]->[5 4 5] (Capture)
2025-12-11 15:15:39,115 - game3d.game.turnmove - INFO - Move 200: BLACK TRIGONALBISHOP [4 1 7]->[3 2 6] (Capture)
2025-12-11 15:15:39,417 - game3d.game.turnmove - INFO - Move 200: WHITE KNIGHT [6 4 1]->[5 4 3] (Capture)
2025-12-11 15:15:39,520 - game3d.game.turnmove - INFO - Move 200: BLACK SWAPPER [7 3 8]->[8 0 2] (Move)
2025-12-11 15:15:40,383 - game3d.game.turnmove - INFO - Move 200: WHITE ORBITER [4 8 0]->[5 5 0] (Capture)
2025-12-11 15:15:40,536 - game3d.game.turnmove - INFO - Move 200: BLACK TRAILBLAZER [4 3 8]->[3 3 8] (Capture)
2025-12-11 15:15:46,662 - game3d.game.turnmove - INFO - Move 100: BLACK PAWN [3 5 6]->[3 5 4] (Move)
2025-12-11 15:15:51,291 - game3d.game.turnmove - INFO - Move 300: WHITE PAWN [3 5 3]->[3 5 4] (Move)
2025-12-11 15:15:51,424 - game3d.game.turnmove - INFO - Move 300: WHITE SWAPPER [0 2 0]->[2 2 2] (Move)
2025-12-11 15:15:51,763 - game3d.game.turnmove - INFO - Move 300: WHITE ARMOUR [5 1 1]->[5 1 2] (Capture)
2025-12-11 15:15:51,826 - game3d.game.turnmove - INFO - Move 300: BLACK ARMOUR [4 5 3]->[4 5 2] (Capture)
2025-12-11 15:15:52,502 - game3d.game.turnmove - INFO - Move 300: BLACK ARMOUR [5 7 7]->[4 7 6] (Move)
2025-12-11 15:15:53,085 - game3d.game.turnmove - INFO - Move 300: BLACK EDGEROOK [3 8 8]->[4 8 7] (Move)
2025-12-11 15:15:53,090 - game3d.game.turnmove - INFO - Move 300: BLACK KNIGHT [2 4 7]->[4 4 6] (Capture)
2025-12-11 15:15:53,454 - game3d.movement.generator - WARNING - [_apply_all_filters] ALL moves filtered by KING_SAFETY
2025-12-11 15:15:53,454 - game3d.cache.caches.movecache - DEBUG - No legal moves for WHITE - 144 pieces (Priests: 0)
2025-12-11 15:15:54,519 - game3d.game.turnmove - INFO - Move 300: BLACK WHITEHOLE [0 2 7]->[1 3 8] (Capture)
2025-12-11 15:15:57,257 - game3d.game.turnmove - INFO - Move 200: BLACK PAWN [8 8 5]->[8 8 4] (Move)
2025-12-11 15:15:58,065 - game3d.game.terminal - WARNING - Game over: Checkmate (Winner: BLACK, Turn: 306)
2025-12-11 15:15:58,065 - game3d.game.terminal - WARNING -   - White: Priests=0, King=(3,1,5)
2025-12-11 15:15:58,065 - game3d.game.terminal - WARNING -   - Black: Priests=1, King=(4,4,8)
2025-12-11 15:15:58,065 - game3d.game.terminal - WARNING -   - Attackers: PAWN at (2, 2, 6), KNIGHT32 at (3, 3, 8), SLOWER at (2, 1, 6), BLACKHOLE at (2, 0, 6), WALL at (1, 1, 7)
2025-12-11 15:15:58,067 - game3d.movement.generator - WARNING - [_apply_all_filters] ALL moves filtered by KING_SAFETY
2025-12-11 15:15:58,067 - game3d.cache.caches.movecache - DEBUG - No legal moves for WHITE - 144 pieces (Priests: 0)
2025-12-11 15:15:58,068 - worker.3 - DEBUG - Worker 3: Game over detected via receipt (result=2)
2025-12-11 15:15:58,071 - game3d.movement.generator - WARNING - [_apply_all_filters] ALL moves filtered by KING_SAFETY
2025-12-11 15:15:58,071 - game3d.cache.caches.movecache - DEBUG - No legal moves for WHITE - 144 pieces (Priests: 0)
2025-12-11 15:15:58,073 - game3d.movement.generator - WARNING - [_apply_all_filters] ALL moves filtered by KING_SAFETY
2025-12-11 15:15:58,073 - game3d.cache.caches.movecache - DEBUG - No legal moves for WHITE - 144 pieces (Priests: 0)
2025-12-11 15:15:58,242 - game3d.cache.manager - INFO - Initialized occupancy cache from board setup: 486 pieces
2025-12-11 15:15:58,243 - game3d.cache.manager - DEBUG - Created cache manager #2 for board 139705410233312
2025-12-11 15:16:01,551 - game3d.game.turnmove - INFO - Move 200: BLACK KNIGHT [6 4 7]->[5 4 5] (Capture)
2025-12-11 15:16:03,977 - game3d.game.turnmove - INFO - Move 400: WHITE KING [5 0 4]->[5 1 5] (Capture)
2025-12-11 15:16:04,120 - game3d.game.turnmove - INFO - Move 400: WHITE SWAPPER [4 3 0]->[4 3 1] (Move)
2025-12-11 15:16:04,872 - game3d.game.turnmove - INFO - Move 400: BLACK SPEEDER [8 6 7]->[7 6 6] (Move)
2025-12-11 15:16:06,130 - game3d.game.turnmove - INFO - Move 400: BLACK BISHOP [8 4 7]->[4 4 3] (Move)
2025-12-11 15:16:06,561 - game3d.game.turnmove - INFO - Move 400: WHITE FREEZER [0 0 4]->[1 1 4] (Move)
2025-12-11 15:16:07,468 - game3d.game.turnmove - INFO - Move 400: WHITE SWAPPER [1 8 2]->[2 2 2] (Move)
2025-12-11 15:16:08,074 - game3d.game.turnmove - INFO - Move 400: BLACK PAWN [0 0 6]->[0 0 5] (Move)
2025-12-11 15:16:11,599 - game3d.game.turnmove - INFO - Move 100: BLACK ORBITER [8 4 8]->[7 4 5] (Move)
2025-12-11 15:16:11,780 - game3d.game.turnmove - INFO - Move 300: WHITE WALL [6 1 1]->[6 0 1] (Capture)
2025-12-11 15:16:12,669 - game3d.movement.generator - WARNING - [_apply_all_filters] ALL moves filtered by KING_SAFETY
2025-12-11 15:16:12,669 - game3d.cache.caches.movecache - DEBUG - No legal moves for WHITE - 125 pieces (Priests: 0)
2025-12-11 15:16:12,722 - game3d.attacks.check - WARNING - get_attackers: 1219 moves generated but none target king at [5 1 5]
2025-12-11 15:16:12,722 - game3d.game.terminal - WARNING - Game over: Checkmate (Winner: BLACK, Turn: 454)
2025-12-11 15:16:12,722 - game3d.game.terminal - WARNING -   - White: Priests=0, King=(5,1,5)
2025-12-11 15:16:12,722 - game3d.game.terminal - WARNING -   - Black: Priests=0, King=(3,3,8)
2025-12-11 15:16:12,722 - game3d.game.terminal - WARNING -   - Attackers: Unknown
2025-12-11 15:16:12,724 - game3d.movement.generator - WARNING - [_apply_all_filters] ALL moves filtered by KING_SAFETY
2025-12-11 15:16:12,724 - game3d.cache.caches.movecache - DEBUG - No legal moves for WHITE - 125 pieces (Priests: 0)
2025-12-11 15:16:12,724 - worker.9 - DEBUG - Worker 9: Game over detected via receipt (result=2)
2025-12-11 15:16:12,729 - game3d.movement.generator - WARNING - [_apply_all_filters] ALL moves filtered by KING_SAFETY
2025-12-11 15:16:12,729 - game3d.cache.caches.movecache - DEBUG - No legal moves for WHITE - 125 pieces (Priests: 0)
2025-12-11 15:16:12,731 - game3d.movement.generator - WARNING - [_apply_all_filters] ALL moves filtered by KING_SAFETY
2025-12-11 15:16:12,731 - game3d.cache.caches.movecache - DEBUG - No legal moves for WHITE - 125 pieces (Priests: 0)
2025-12-11 15:16:13,051 - game3d.cache.manager - INFO - Initialized occupancy cache from board setup: 486 pieces
2025-12-11 15:16:13,051 - game3d.cache.manager - DEBUG - Created cache manager #2 for board 140259963381472
2025-12-11 15:16:15,976 - game3d.game.turnmove - INFO - Move 300: WHITE SWAPPER [4 2 1]->[4 1 3] (Move)
2025-12-11 15:16:17,899 - game3d.game.turnmove - INFO - Move 500: WHITE SPIRAL [7 5 0]->[7 4 0] (Move)
2025-12-11 15:16:18,775 - game3d.game.turnmove - INFO - Move 500: WHITE HIVE [4 6 2]->[3 5 3] (Move)
2025-12-11 15:16:20,486 - game3d.game.turnmove - INFO - Move 500: BLACK PAWN [4 1 4]->[4 1 3] (Move)
2025-12-11 15:16:21,487 - game3d.game.turnmove - INFO - Move 500: WHITE SWAPPER [2 2 2]->[0 6 0] (Move)
2025-12-11 15:16:21,582 - game3d.game.turnmove - INFO - Move 500: BLACK PAWN [1 6 5]->[0 5 4] (Capture)
2025-12-11 15:16:22,219 - game3d.game.turnmove - INFO - Move 500: BLACK XYQUEEN [4 3 6]->[5 4 5] (Move)
2025-12-11 15:16:24,704 - training.parallel_self_play - INFO - Stopping Server...
2025-12-11 15:16:24,726 - InferenceServer - INFO - Server shutting down.
2025-12-11 15:16:25,183 - __main__ - INFO - Training interrupted by user
2025-12-11 15:16:25,389 - __main__ - INFO - ðŸ§¹ Clearing all caches...
2025-12-11 15:30:38,839 - __main__ - INFO - [SEARCH] Validating game system integrity...
2025-12-11 15:30:39,216 - game3d.cache.manager - INFO - Initialized occupancy cache from board setup: 486 pieces
2025-12-11 15:30:39,218 - __main__ - INFO - Testing move generation...
2025-12-11 15:30:57,454 - __main__ - INFO - [OK] Generated 2594 moves
2025-12-11 15:30:57,454 - __main__ - INFO - Testing GameState caching...
2025-12-11 15:30:57,454 - __main__ - INFO - [OK] GameState caching works (via MoveCache)
2025-12-11 15:30:57,454 - __main__ - INFO - Testing MoveCache persistence...
2025-12-11 15:30:57,454 - __main__ - INFO - [OK] MoveCache works correctly
2025-12-11 15:30:57,454 - __main__ - INFO - Final cache stats: {'legal_hit_rate': np.float64(0.75), 'pseudolegal_hit_rate': np.float64(0.0), 'piece_hit_rate': np.float64(0.0), 'total_moves_cached': np.int32(2594), 'piece_moves_cache_size': 130, 'prune_operations': 0, 'cache_hits': np.int32(3), 'cache_misses': np.int32(1)}
2025-12-11 15:30:58,846 - __main__ - INFO - Saved temporary checkpoint: model_checkpoints/train_huge_20251211_153034/temp_model_for_selfplay.pt
2025-12-11 15:30:58,846 - training.parallel_self_play - INFO - Starting Client-Server Self-Play: 60 games, 10 workers
2025-12-11 15:31:01,771 - training.parallel_self_play - INFO - Launching workers...
2025-12-11 15:31:19,677 - InferenceServer - INFO - Starting Server on cuda (Batch Size: 10)
2025-12-11 15:31:25,445 - game3d.cache.manager - INFO - Initialized occupancy cache from board setup: 486 pieces
2025-12-11 15:31:25,451 - game3d.cache.manager - DEBUG - Created cache manager #1 for board 140643897383168
2025-12-11 15:31:25,491 - game3d.cache.manager - INFO - Initialized occupancy cache from board setup: 486 pieces
2025-12-11 15:31:25,494 - game3d.cache.manager - DEBUG - Created cache manager #1 for board 140250254597888
2025-12-11 15:31:25,549 - game3d.cache.manager - INFO - Initialized occupancy cache from board setup: 486 pieces
2025-12-11 15:31:25,551 - game3d.cache.manager - DEBUG - Created cache manager #1 for board 140557345823360
2025-12-11 15:31:25,621 - game3d.cache.manager - INFO - Initialized occupancy cache from board setup: 486 pieces
2025-12-11 15:31:25,624 - game3d.cache.manager - DEBUG - Created cache manager #1 for board 139830715178032
2025-12-11 15:31:25,805 - game3d.cache.manager - INFO - Initialized occupancy cache from board setup: 486 pieces
2025-12-11 15:31:25,808 - game3d.cache.manager - DEBUG - Created cache manager #1 for board 139647994484512
2025-12-11 15:31:25,869 - game3d.cache.manager - INFO - Initialized occupancy cache from board setup: 486 pieces
2025-12-11 15:31:25,870 - game3d.cache.manager - DEBUG - Created cache manager #1 for board 139942201857680
2025-12-11 15:31:26,052 - game3d.cache.manager - INFO - Initialized occupancy cache from board setup: 486 pieces
2025-12-11 15:31:26,054 - game3d.cache.manager - DEBUG - Created cache manager #1 for board 140585539934848
2025-12-11 15:31:26,060 - game3d.cache.manager - INFO - Initialized occupancy cache from board setup: 486 pieces
2025-12-11 15:31:26,062 - game3d.cache.manager - DEBUG - Created cache manager #1 for board 140477669773072
2025-12-11 15:31:26,087 - game3d.cache.manager - INFO - Initialized occupancy cache from board setup: 486 pieces
2025-12-11 15:31:26,089 - game3d.cache.manager - DEBUG - Created cache manager #1 for board 140541817214128
2025-12-11 15:31:26,335 - game3d.cache.manager - INFO - Initialized occupancy cache from board setup: 486 pieces
2025-12-11 15:31:26,337 - game3d.cache.manager - DEBUG - Created cache manager #1 for board 140143983533104
2025-12-11 15:31:28,477 - InferenceServer - INFO - Detected compiled model (OptimizedModule). Loading weights into underlying _orig_mod.
2025-12-11 15:31:28,482 - InferenceServer - INFO - Model already compiled (or compilation unavailable), skipping re-compile.
2025-12-11 15:31:28,482 - InferenceServer - INFO - Server Ready. Listening...
2025-12-11 15:31:28,489 - InferenceServer - INFO - Processing first batch (this may trigger compilation)...
2025-12-11 15:31:31,155 - InferenceServer - INFO - First batch processed.
2025-12-11 15:31:55,240 - filelock - DEBUG - Attempting to acquire lock 139812752330768 on /tmp/torchinductor_salamimommy/locks/c6nc4c3n23q243hd35kjssaeh4b477sbyifhui2oulilbs56pbkq.lock
2025-12-11 15:31:55,240 - filelock - DEBUG - Lock 139812752330768 acquired on /tmp/torchinductor_salamimommy/locks/c6nc4c3n23q243hd35kjssaeh4b477sbyifhui2oulilbs56pbkq.lock
2025-12-11 15:31:56,999 - filelock - DEBUG - Attempting to release lock 139812752330768 on /tmp/torchinductor_salamimommy/locks/c6nc4c3n23q243hd35kjssaeh4b477sbyifhui2oulilbs56pbkq.lock
2025-12-11 15:31:57,000 - filelock - DEBUG - Lock 139812752330768 released on /tmp/torchinductor_salamimommy/locks/c6nc4c3n23q243hd35kjssaeh4b477sbyifhui2oulilbs56pbkq.lock
2025-12-11 15:31:57,001 - filelock - DEBUG - Attempting to acquire lock 139812459232336 on /tmp/torchinductor_salamimommy/locks/cs3ckc3nlqqdamg25egnlvhwshkaajnyvlnz3pdsyqpygf3w3pxa.lock
2025-12-11 15:31:57,001 - filelock - DEBUG - Lock 139812459232336 acquired on /tmp/torchinductor_salamimommy/locks/cs3ckc3nlqqdamg25egnlvhwshkaajnyvlnz3pdsyqpygf3w3pxa.lock
2025-12-11 15:31:57,001 - filelock - DEBUG - Attempting to release lock 139812459232336 on /tmp/torchinductor_salamimommy/locks/cs3ckc3nlqqdamg25egnlvhwshkaajnyvlnz3pdsyqpygf3w3pxa.lock
2025-12-11 15:31:57,001 - filelock - DEBUG - Lock 139812459232336 released on /tmp/torchinductor_salamimommy/locks/cs3ckc3nlqqdamg25egnlvhwshkaajnyvlnz3pdsyqpygf3w3pxa.lock
2025-12-11 15:32:10,283 - game3d.game.turnmove - INFO - Move 100: WHITE SWAPPER [7 5 0]->[3 2 3] (Move)
2025-12-11 15:32:10,345 - game3d.game.turnmove - INFO - Move 100: BLACK PAWN [1 3 6]->[1 3 4] (Move)
2025-12-11 15:32:10,349 - game3d.game.turnmove - INFO - Move 100: WHITE SWAPPER [7 3 0]->[3 2 3] (Move)
2025-12-11 15:32:10,493 - game3d.game.turnmove - INFO - Move 100: BLACK KNIGHT31 [4 7 5]->[4 6 2] (Capture)
2025-12-11 15:32:10,550 - game3d.game.turnmove - INFO - Move 100: WHITE SWAPPER [5 7 0]->[3 2 3] (Move)
2025-12-11 15:32:10,551 - game3d.game.turnmove - INFO - Move 100: WHITE XYQUEEN [4 5 1]->[4 6 2] (Capture)
2025-12-11 15:32:10,553 - game3d.game.turnmove - INFO - Move 100: BLACK SWAPPER [3 7 6]->[3 5 6] (Move)
2025-12-11 15:32:11,822 - game3d.game.turnmove - INFO - Move 100: WHITE PAWN [1 5 0]->[3 2 3] (Capture)
2025-12-11 15:32:11,825 - game3d.game.turnmove - INFO - Move 100: BLACK QUEEN [0 3 7]->[5 3 2] (Capture)
2025-12-11 15:32:12,286 - game3d.game.turnmove - INFO - Move 100: BLACK SWAPPER [4 7 7]->[2 7 6] (Move)
2025-12-11 15:32:23,659 - game3d.game.turnmove - INFO - Move 200: WHITE QUEEN [8 3 1]->[7 2 0] (Move)
2025-12-11 15:32:23,724 - game3d.game.turnmove - INFO - Move 200: BLACK YZZIGZAG [3 8 3]->[4 7 2] (Capture)
2025-12-11 15:32:23,727 - game3d.game.turnmove - INFO - Move 200: WHITE ROOK [5 5 1]->[5 5 8] (Capture)
2025-12-11 15:32:23,862 - game3d.game.turnmove - INFO - Move 200: BLACK KNIGHT32 [3 5 8]->[3 8 6] (Capture)
2025-12-11 15:32:23,928 - game3d.game.turnmove - INFO - Move 200: WHITE KNIGHT31 [3 2 3]->[4 2 6] (Capture)
2025-12-11 15:32:23,928 - game3d.game.turnmove - INFO - Move 200: BLACK BLACKHOLE [6 0 7]->[6 0 6] (Move)
2025-12-11 15:32:23,928 - game3d.game.turnmove - INFO - Move 200: WHITE INFILTRATOR [6 5 4]->[7 4 5] (Move)
2025-12-11 15:32:25,201 - game3d.game.turnmove - INFO - Move 200: WHITE HIVE [5 2 1]->[4 3 2] (Move)
2025-12-11 15:32:25,203 - game3d.game.turnmove - INFO - Move 200: BLACK PAWN [6 8 6]->[6 8 4] (Move)
2025-12-11 15:32:25,677 - game3d.game.turnmove - INFO - Move 200: BLACK XYQUEEN [5 4 6]->[4 4 5] (Capture)
2025-12-11 15:32:36,651 - game3d.game.turnmove - INFO - Move 300: BLACK ORBITER [4 8 8]->[2 8 6] (Move)
2025-12-11 15:32:36,719 - game3d.game.turnmove - INFO - Move 300: WHITE ARMOUR [5 7 1]->[4 7 1] (Capture)
2025-12-11 15:32:36,723 - game3d.game.turnmove - INFO - Move 300: WHITE SPEEDER [1 6 1]->[1 6 2] (Move)
2025-12-11 15:32:36,840 - game3d.game.turnmove - INFO - Move 300: BLACK ARMOUR [3 7 6]->[4 7 6] (Move)
2025-12-11 15:32:36,902 - game3d.game.turnmove - INFO - Move 300: WHITE GEOMANCER [5 0 1]->[2 0 3] (Move)
2025-12-11 15:32:36,904 - game3d.game.turnmove - INFO - Move 300: BLACK BLACKHOLE [5 6 4]->[5 6 3] (Capture)
2025-12-11 15:32:37,999 - game3d.game.turnmove - INFO - Move 300: BLACK SLOWER [7 8 7]->[6 7 6] (Move)
2025-12-11 15:32:38,008 - game3d.game.turnmove - INFO - Move 300: WHITE BISHOP [8 4 1]->[3 4 6] (Capture)
2025-12-11 15:32:38,360 - game3d.game.turnmove - INFO - Move 300: BLACK PRIEST [3 6 7]->[4 7 6] (Move)
2025-12-11 15:32:45,914 - game3d.game.turnmove - INFO - Move 400: BLACK ECHO [3 0 4]->[4 3 2] (Capture)
2025-12-11 15:32:46,892 - game3d.game.turnmove - INFO - Move 400: WHITE PAWN [4 2 2]->[5 3 3] (Capture)
2025-12-11 15:32:46,896 - game3d.game.turnmove - INFO - Move 400: BLACK SWAPPER [7 5 8]->[2 7 6] (Move)
2025-12-11 15:32:53,788 - game3d.game.turnmove - INFO - Move 500: BLACK ORBITER [1 7 8]->[3 7 6] (Move)
2025-12-11 15:32:58,056 - game3d.game.turnmove - INFO - Move 400: WHITE SWAPPER [4 5 3]->[4 3 2] (Move)
2025-12-11 15:33:11,700 - game3d.game.turnmove - INFO - Move 500: BLACK KNIGHT32 [6 5 8]->[3 7 8] (Move)
2025-12-11 15:33:12,628 - game3d.movement.generator - WARNING - [_apply_all_filters] ALL moves filtered by KING_SAFETY
2025-12-11 15:33:12,628 - game3d.cache.caches.movecache - DEBUG - No legal moves for BLACK - 156 pieces (Priests: 0)
2025-12-11 15:33:12,636 - game3d.movement.generator - WARNING - [_apply_all_filters] ALL moves filtered by KING_SAFETY
2025-12-11 15:33:12,637 - game3d.cache.caches.movecache - DEBUG - No legal moves for BLACK - 156 pieces (Priests: 0)
2025-12-11 15:33:12,947 - game3d.game.turnmove - INFO - Move 500: BLACK GEOMANCER [3 3 8]->[0 3 6] (Move)
2025-12-11 15:33:14,185 - game3d.game.turnmove - INFO - Move 400: BLACK KING [5 5 8]->[4 5 8] (Capture)
2025-12-11 15:33:19,773 - game3d.game.terminal - WARNING - Game over: Checkmate (Winner: WHITE, Turn: 334)
2025-12-11 15:33:19,774 - game3d.game.terminal - WARNING -   - White: Priests=2, King=(4,4,0)
2025-12-11 15:33:19,774 - game3d.game.terminal - WARNING -   - Black: Priests=0, King=(3,7,2)
2025-12-11 15:33:19,774 - game3d.game.terminal - WARNING -   - Attackers: PRIEST at (3, 6, 1), XYQUEEN at (3, 6, 3), NEBULA at (2, 7, 2), ARMOUR at (3, 7, 1), BLACKHOLE at (2, 8, 1), FRIENDLYTELEPORTER at (1, 0, 7), GEOMANCER at (4, 7, 1)
2025-12-11 15:33:19,784 - game3d.movement.generator - WARNING - [_apply_all_filters] ALL moves filtered by KING_SAFETY
2025-12-11 15:33:19,787 - game3d.cache.caches.movecache - DEBUG - No legal moves for BLACK - 156 pieces (Priests: 0)
2025-12-11 15:33:19,787 - worker.8 - DEBUG - Worker 8: Game over detected via receipt (result=1)
2025-12-11 15:33:19,798 - game3d.movement.generator - WARNING - [_apply_all_filters] ALL moves filtered by KING_SAFETY
2025-12-11 15:33:19,799 - game3d.cache.caches.movecache - DEBUG - No legal moves for BLACK - 156 pieces (Priests: 0)
2025-12-11 15:33:19,803 - game3d.movement.generator - WARNING - [_apply_all_filters] ALL moves filtered by KING_SAFETY
2025-12-11 15:33:19,803 - game3d.cache.caches.movecache - DEBUG - No legal moves for BLACK - 156 pieces (Priests: 0)
2025-12-11 15:33:20,060 - game3d.cache.manager - INFO - Initialized occupancy cache from board setup: 486 pieces
2025-12-11 15:33:20,062 - game3d.cache.manager - DEBUG - Created cache manager #2 for board 140245147168784
2025-12-11 15:33:25,330 - game3d.game.turnmove - INFO - Move 300: BLACK QUEEN [8 3 7]->[4 7 3] (Move)
2025-12-11 15:33:26,527 - game3d.game.turnmove - INFO - Move 600: BLACK PAWN [8 1 6]->[8 1 4] (Move)
2025-12-11 15:33:37,050 - game3d.game.turnmove - INFO - Move 100: WHITE SWAPPER [7 5 2]->[3 2 3] (Move)
2025-12-11 15:33:39,695 - game3d.game.turnmove - INFO - Move 400: WHITE QUEEN [4 5 3]->[4 5 6] (Capture)
2025-12-11 15:33:42,344 - game3d.game.turnmove - INFO - Move 400: BLACK INFILTRATOR [4 6 0]->[4 5 0] (Capture)
2025-12-11 15:33:42,851 - game3d.game.turnmove - INFO - Move 600: BLACK PAWN [3 4 6]->[4 5 5] (Capture)
2025-12-11 15:33:52,404 - game3d.game.turnmove - INFO - Move 400: BLACK KNIGHT32 [6 5 8]->[6 7 5] (Move)
2025-12-11 15:33:58,188 - game3d.game.turnmove - INFO - Move 700: WHITE WHITEHOLE [3 2 2]->[2 3 1] (Move)
2025-12-11 15:33:58,982 - game3d.movement.generator - WARNING - [_apply_all_filters] ALL moves filtered by KING_SAFETY
2025-12-11 15:33:58,983 - game3d.cache.caches.movecache - DEBUG - No legal moves for WHITE - 71 pieces (Priests: 0)
2025-12-11 15:33:58,989 - game3d.movement.generator - WARNING - [_apply_all_filters] ALL moves filtered by KING_SAFETY
2025-12-11 15:33:58,989 - game3d.cache.caches.movecache - DEBUG - No legal moves for WHITE - 71 pieces (Priests: 0)
2025-12-11 15:33:59,076 - game3d.game.terminal - WARNING - Game over: Checkmate (Winner: BLACK, Turn: 703)
2025-12-11 15:33:59,076 - game3d.game.terminal - WARNING -   - White: Priests=0, King=(2,0,5)
2025-12-11 15:33:59,076 - game3d.game.terminal - WARNING -   - Black: Priests=1, King=(4,4,8)
2025-12-11 15:33:59,077 - game3d.game.terminal - WARNING -   - Attackers: WALL at (2, 0, 6)
2025-12-11 15:33:59,080 - game3d.movement.generator - WARNING - [_apply_all_filters] ALL moves filtered by KING_SAFETY
2025-12-11 15:33:59,080 - game3d.cache.caches.movecache - DEBUG - No legal moves for WHITE - 71 pieces (Priests: 0)
2025-12-11 15:33:59,081 - worker.1 - DEBUG - Worker 1: Game over detected via receipt (result=2)
2025-12-11 15:33:59,094 - game3d.movement.generator - WARNING - [_apply_all_filters] ALL moves filtered by KING_SAFETY
2025-12-11 15:33:59,095 - game3d.cache.caches.movecache - DEBUG - No legal moves for WHITE - 71 pieces (Priests: 0)
2025-12-11 15:33:59,099 - game3d.movement.generator - WARNING - [_apply_all_filters] ALL moves filtered by KING_SAFETY
2025-12-11 15:33:59,099 - game3d.cache.caches.movecache - DEBUG - No legal moves for WHITE - 71 pieces (Priests: 0)
2025-12-11 15:33:59,761 - game3d.cache.manager - INFO - Initialized occupancy cache from board setup: 486 pieces
2025-12-11 15:33:59,763 - game3d.cache.manager - DEBUG - Created cache manager #2 for board 140551588295776
2025-12-11 15:34:13,783 - game3d.game.turnmove - INFO - Move 600: WHITE ARCHER [2 4 3]->[3 3 4] (Move)
2025-12-11 15:34:19,914 - game3d.game.turnmove - INFO - Move 500: BLACK SWAPPER [5 4 8]->[7 4 5] (Move)
2025-12-11 15:34:35,609 - game3d.game.turnmove - INFO - Move 400: WHITE XYQUEEN [4 3 2]->[3 2 3] (Move)
2025-12-11 15:34:41,986 - game3d.game.turnmove - INFO - Move 100: WHITE SWAPPER [7 3 0]->[3 2 3] (Move)
2025-12-11 15:34:46,263 - game3d.game.turnmove - INFO - Move 500: BLACK PAWN [3 1 6]->[4 0 5] (Capture)
2025-12-11 15:34:50,413 - game3d.game.turnmove - INFO - Move 500: WHITE TRIGONALBISHOP [5 0 5]->[4 1 6] (Capture)
2025-12-11 15:34:58,108 - game3d.game.turnmove - INFO - Move 700: BLACK BLACKHOLE [4 0 6]->[3 0 5] (Capture)
2025-12-11 15:35:07,576 - game3d.game.turnmove - INFO - Move 500: BLACK SLOWER [4 8 4]->[3 8 3] (Move)
2025-12-11 15:35:08,164 - game3d.game.turnmove - INFO - Move 200: BLACK GEOMANCER [5 8 7]->[3 7 6] (Move)
2025-12-11 15:35:08,887 - game3d.game.turnmove - INFO - Move 500: WHITE GEOMANCER [5 8 1]->[6 6 1] (Move)
2025-12-11 15:35:12,472 - game3d.game.turnmove - INFO - Move 700: BLACK BOMB [1 2 7]->[2 3 7] (Move)
2025-12-11 15:35:23,296 - game3d.game.turnmove - INFO - Move 500: WHITE KNIGHT [3 2 3]->[4 2 5] (Capture)
2025-12-11 15:35:47,233 - game3d.game.turnmove - INFO - Move 200: WHITE WALL [1 2 1]->[3 2 3] (Move)
2025-12-11 15:35:49,252 - game3d.game.turnmove - INFO - Move 800: BLACK KING [7 5 5]->[8 6 5] (Capture)
2025-12-11 15:35:54,769 - game3d.game.turnmove - INFO - Move 600: WHITE WALL [6 1 1]->[5 1 1] (Move)
2025-12-11 15:35:57,082 - game3d.game.turnmove - INFO - Move 300: WHITE YZQUEEN [4 2 1]->[4 2 6] (Capture)
2025-12-11 15:35:58,405 - game3d.game.turnmove - INFO - Move 800: BLACK PAWN [0 0 6]->[0 0 5] (Move)
2025-12-11 15:36:01,680 - game3d.game.turnmove - INFO - Move 600: BLACK WHITEHOLE [1 7 6]->[2 8 5] (Capture)
2025-12-11 15:36:01,754 - game3d.game.turnmove - INFO - Move 600: BLACK YZZIGZAG [0 6 8]->[0 6 3] (Capture)
2025-12-11 15:36:05,037 - game3d.game.turnmove - INFO - Move 600: WHITE BOMB [0 5 0]->[0 4 0] (Move)
2025-12-11 15:36:10,159 - game3d.game.turnmove - INFO - Move 600: WHITE PAWN [6 2 3]->[5 1 4] (Capture)
2025-12-11 15:36:22,358 - game3d.game.turnmove - INFO - Move 900: BLACK KING [7 6 4]->[7 6 3] (Capture)
2025-12-11 15:36:22,545 - game3d.movement.generator - WARNING - [_apply_all_filters] ALL moves filtered by KING_SAFETY
2025-12-11 15:36:22,545 - game3d.cache.caches.movecache - DEBUG - No legal moves for BLACK - 49 pieces (Priests: 0)
2025-12-11 15:36:22,553 - game3d.movement.generator - WARNING - [_apply_all_filters] ALL moves filtered by KING_SAFETY
2025-12-11 15:36:22,553 - game3d.cache.caches.movecache - DEBUG - No legal moves for BLACK - 49 pieces (Priests: 0)
2025-12-11 15:36:22,627 - game3d.game.terminal - WARNING - Game over: Checkmate (Winner: WHITE, Turn: 901)
2025-12-11 15:36:22,627 - game3d.game.terminal - WARNING -   - White: Priests=0, King=(6,3,0)
2025-12-11 15:36:22,627 - game3d.game.terminal - WARNING -   - Black: Priests=0, King=(7,6,3)
2025-12-11 15:36:22,628 - game3d.game.terminal - WARNING -   - Attackers: SPEEDER at (7, 6, 2)
2025-12-11 15:36:22,630 - game3d.movement.generator - WARNING - [_apply_all_filters] ALL moves filtered by KING_SAFETY
2025-12-11 15:36:22,631 - game3d.cache.caches.movecache - DEBUG - No legal moves for BLACK - 49 pieces (Priests: 0)
2025-12-11 15:36:22,631 - worker.9 - DEBUG - Worker 9: Game over detected via receipt (result=1)
2025-12-11 15:36:22,642 - game3d.movement.generator - WARNING - [_apply_all_filters] ALL moves filtered by KING_SAFETY
2025-12-11 15:36:22,642 - game3d.cache.caches.movecache - DEBUG - No legal moves for BLACK - 49 pieces (Priests: 0)
2025-12-11 15:36:22,645 - game3d.movement.generator - WARNING - [_apply_all_filters] ALL moves filtered by KING_SAFETY
2025-12-11 15:36:22,645 - game3d.cache.caches.movecache - DEBUG - No legal moves for BLACK - 49 pieces (Priests: 0)
2025-12-11 15:36:23,675 - game3d.cache.manager - INFO - Initialized occupancy cache from board setup: 486 pieces
2025-12-11 15:36:23,675 - game3d.cache.manager - DEBUG - Created cache manager #2 for board 139825723277712
2025-12-11 15:36:26,707 - game3d.game.turnmove - INFO - Move 700: WHITE WHITEHOLE [7 2 0]->[6 2 1] (Move)
2025-12-11 15:36:30,376 - game3d.game.turnmove - INFO - Move 600: BLACK SLOWER [7 6 4]->[7 7 3] (Move)
2025-12-11 15:36:31,411 - game3d.game.turnmove - INFO - Move 900: WHITE HIVE [5 3 2]->[5 3 3] (Move)
2025-12-11 15:36:33,226 - game3d.game.turnmove - INFO - Move 100: BLACK YZQUEEN [4 7 8]->[4 7 2] (Capture)
2025-12-11 15:36:39,651 - game3d.game.turnmove - INFO - Move 400: WHITE HIVE [3 6 0]->[4 6 0] (Move)
2025-12-11 15:36:51,396 - game3d.game.turnmove - INFO - Move 1000: BLACK HIVE [4 4 6]->[5 4 5] (Move)
2025-12-11 15:36:55,194 - game3d.game.turnmove - INFO - Move 200: WHITE INFILTRATOR [5 2 1]->[4 4 5] (Move)
2025-12-11 15:36:56,848 - game3d.game.turnmove - INFO - Move 700: BLACK XYQUEEN [4 5 6]->[4 7 6] (Capture)
2025-12-11 15:37:00,474 - game3d.game.turnmove - INFO - Move 700: WHITE SLOWER [0 0 2]->[0 1 3] (Move)
2025-12-11 15:37:07,381 - game3d.game.turnmove - INFO - Move 700: WHITE PAWN [8 1 4]->[7 0 5] (Capture)
2025-12-11 15:37:12,620 - game3d.game.turnmove - INFO - Move 800: BLACK NEBULA [4 3 5]->[4 3 4] (Capture)
2025-12-11 15:37:14,215 - game3d.game.turnmove - INFO - Move 1100: WHITE PANEL [5 3 3]->[5 3 4] (Move)
2025-12-11 15:37:21,321 - game3d.core.structures - WARNING - StructureManager: Could not find anchor for Wall at [5 4 3]. State might be corrupted.
2025-12-11 15:37:21,702 - game3d.game.turnmove - INFO - Move 300: BLACK PAWN [6 7 6]->[5 8 5] (Capture)
2025-12-11 15:37:22,749 - game3d.game.turnmove - INFO - Move 800: BLACK PANEL [4 5 6]->[4 5 5] (Move)
2025-12-11 15:37:27,522 - game3d.game.turnmove - INFO - Move 700: WHITE PANEL [5 0 1]->[6 1 1] (Move)
2025-12-11 15:37:28,202 - game3d.game.turnmove - INFO - Move 700: WHITE PANEL [6 6 0]->[5 5 0] (Move)
2025-12-11 15:37:30,492 - game3d.game.turnmove - INFO - Move 500: BLACK WALL [2 0 4]->[1 0 4] (Capture)
2025-12-11 15:37:31,616 - game3d.movement.generator - WARNING - [_apply_all_filters] ALL moves filtered by KING_SAFETY
2025-12-11 15:37:31,617 - game3d.cache.caches.movecache - DEBUG - No legal moves for BLACK - 108 pieces (Priests: 0)
2025-12-11 15:37:32,404 - game3d.movement.generator - WARNING - [_apply_all_filters] ALL moves filtered by KING_SAFETY
2025-12-11 15:37:32,405 - game3d.cache.caches.movecache - DEBUG - No legal moves for BLACK - 108 pieces (Priests: 0)
2025-12-11 15:37:33,221 - game3d.movement.generator - WARNING - [_apply_all_filters] ALL moves filtered by KING_SAFETY
2025-12-11 15:37:33,221 - game3d.cache.caches.movecache - DEBUG - No legal moves for BLACK - 108 pieces (Priests: 0)
2025-12-11 15:37:33,985 - game3d.movement.generator - WARNING - [_apply_all_filters] ALL moves filtered by KING_SAFETY
2025-12-11 15:37:33,986 - game3d.cache.caches.movecache - DEBUG - No legal moves for BLACK - 108 pieces (Priests: 0)
2025-12-11 15:37:39,473 - game3d.game.turnmove - INFO - Move 1300: WHITE WALL [5 3 7]->[5 2 7] (Move)
2025-12-11 15:37:41,015 - game3d.movement.generator - WARNING - [_apply_all_filters] ALL moves filtered by KING_SAFETY
2025-12-11 15:37:41,015 - game3d.cache.caches.movecache - DEBUG - No legal moves for BLACK - 104 pieces (Priests: 0)
2025-12-11 15:37:41,024 - game3d.movement.generator - WARNING - [_apply_all_filters] ALL moves filtered by KING_SAFETY
2025-12-11 15:37:41,025 - game3d.cache.caches.movecache - DEBUG - No legal moves for BLACK - 104 pieces (Priests: 0)
2025-12-11 15:37:41,105 - game3d.game.terminal - WARNING - Game over: Checkmate (Winner: WHITE, Turn: 728)
2025-12-11 15:37:41,105 - game3d.game.terminal - WARNING -   - White: Priests=0, King=(2,4,0)
2025-12-11 15:37:41,105 - game3d.game.terminal - WARNING -   - Black: Priests=0, King=(5,0,3)
2025-12-11 15:37:41,105 - game3d.game.terminal - WARNING -   - Attackers: XZQUEEN at (5, 1, 3)
2025-12-11 15:37:41,109 - game3d.movement.generator - WARNING - [_apply_all_filters] ALL moves filtered by KING_SAFETY
2025-12-11 15:37:41,110 - game3d.cache.caches.movecache - DEBUG - No legal moves for BLACK - 104 pieces (Priests: 0)
2025-12-11 15:37:41,110 - worker.0 - DEBUG - Worker 0: Game over detected via receipt (result=1)
2025-12-11 15:37:41,121 - game3d.movement.generator - WARNING - [_apply_all_filters] ALL moves filtered by KING_SAFETY
2025-12-11 15:37:41,121 - game3d.cache.caches.movecache - DEBUG - No legal moves for BLACK - 104 pieces (Priests: 0)
2025-12-11 15:37:41,125 - game3d.movement.generator - WARNING - [_apply_all_filters] ALL moves filtered by KING_SAFETY
2025-12-11 15:37:41,126 - game3d.cache.caches.movecache - DEBUG - No legal moves for BLACK - 104 pieces (Priests: 0)
2025-12-11 15:37:41,878 - game3d.cache.manager - INFO - Initialized occupancy cache from board setup: 486 pieces
2025-12-11 15:37:41,879 - game3d.cache.manager - DEBUG - Created cache manager #2 for board 139937200647296
2025-12-11 15:37:46,547 - game3d.movement.generator - WARNING - [_apply_all_filters] ALL moves filtered by KING_SAFETY
2025-12-11 15:37:46,548 - game3d.cache.caches.movecache - DEBUG - No legal moves for BLACK - 46 pieces (Priests: 0)
2025-12-11 15:37:46,619 - game3d.game.terminal - WARNING - Game over: Checkmate (Winner: WHITE, Turn: 883)
2025-12-11 15:37:46,619 - game3d.game.terminal - WARNING -   - White: Priests=0, King=(7,4,7)
2025-12-11 15:37:46,619 - game3d.game.terminal - WARNING -   - Black: Priests=0, King=(3,5,0)
2025-12-11 15:37:46,619 - game3d.game.terminal - WARNING -   - Attackers: KNIGHT31 at (6, 4, 0), EDGEROOK at (2, 0, 1)
2025-12-11 15:37:46,626 - game3d.movement.generator - WARNING - [_apply_all_filters] ALL moves filtered by KING_SAFETY
2025-12-11 15:37:46,627 - game3d.cache.caches.movecache - DEBUG - No legal moves for BLACK - 46 pieces (Priests: 0)
2025-12-11 15:37:46,627 - worker.4 - DEBUG - Worker 4: Game over detected via receipt (result=1)
2025-12-11 15:37:46,645 - game3d.movement.generator - WARNING - [_apply_all_filters] ALL moves filtered by KING_SAFETY
2025-12-11 15:37:46,646 - game3d.cache.caches.movecache - DEBUG - No legal moves for BLACK - 46 pieces (Priests: 0)
2025-12-11 15:37:46,654 - game3d.movement.generator - WARNING - [_apply_all_filters] ALL moves filtered by KING_SAFETY
2025-12-11 15:37:46,654 - game3d.cache.caches.movecache - DEBUG - No legal moves for BLACK - 46 pieces (Priests: 0)
2025-12-11 15:37:47,115 - game3d.game.turnmove - INFO - Move 900: WHITE HIVE [5 4 5]->[4 4 6] (Move)
2025-12-11 15:37:47,547 - game3d.cache.manager - INFO - Initialized occupancy cache from board setup: 486 pieces
2025-12-11 15:37:47,548 - game3d.cache.manager - DEBUG - Created cache manager #2 for board 139642937225136
2025-12-11 15:37:48,026 - game3d.game.turnmove - INFO - Move 1400: WHITE KING [4 5 3]->[4 6 3] (Move)
2025-12-11 15:37:51,065 - game3d.game.turnmove - INFO - Move 800: WHITE WHITEHOLE [5 3 2]->[5 3 3] (Move)
2025-12-11 15:37:51,478 - game3d.game.turnmove - INFO - Move 100: BLACK SWAPPER [7 5 8]->[2 7 6] (Move)
2025-12-11 15:37:52,621 - game3d.game.turnmove - INFO - Move 800: BLACK SPEEDER [0 2 4]->[1 2 4] (Move)
2025-12-11 15:37:52,913 - game3d.game.turnmove - INFO - Move 300: BLACK PAWN [7 4 6]->[7 4 5] (Capture)
2025-12-11 15:37:55,420 - game3d.game.turnmove - INFO - Move 1500: WHITE KING [3 8 3]->[4 8 4] (Move)
2025-12-11 15:37:57,174 - game3d.game.turnmove - INFO - Move 100: BLACK KNIGHT31 [4 7 5]->[4 6 2] (Capture)
2025-12-11 15:38:00,006 - game3d.game.turnmove - INFO - Move 200: BLACK PAWN [7 4 6]->[7 4 5] (Capture)
2025-12-11 15:38:02,897 - game3d.game.turnmove - INFO - Move 1600: WHITE KING [0 6 3]->[0 5 4] (Move)
2025-12-11 15:38:05,080 - game3d.game.turnmove - INFO - Move 1000: BLACK PAWN [0 5 1]->[0 5 0] (Move)
2025-12-11 15:38:05,325 - game3d.cache.caches.movecache - DEBUG - No legal moves for WHITE - 5 pieces (Priests: 0)
2025-12-11 15:38:05,327 - game3d.cache.caches.movecache - DEBUG - No legal moves for WHITE - 5 pieces (Priests: 0)
2025-12-11 15:38:05,397 - game3d.game.terminal - WARNING - Game over: Checkmate (Winner: BLACK, Turn: 1631)
2025-12-11 15:38:05,398 - game3d.game.terminal - WARNING -   - White: Priests=0, King=(1,2,5)
2025-12-11 15:38:05,398 - game3d.game.terminal - WARNING -   - Black: Priests=0, King=(1,2,7)
2025-12-11 15:38:05,398 - game3d.game.terminal - WARNING -   - Attackers: KING at (1, 2, 6)
2025-12-11 15:38:05,398 - game3d.cache.caches.movecache - DEBUG - No legal moves for WHITE - 5 pieces (Priests: 0)
2025-12-11 15:38:05,399 - worker.3 - DEBUG - Worker 3: Game over detected via receipt (result=2)
2025-12-11 15:38:05,412 - game3d.cache.caches.movecache - DEBUG - No legal moves for WHITE - 5 pieces (Priests: 0)
2025-12-11 15:38:05,413 - game3d.cache.caches.movecache - DEBUG - No legal moves for WHITE - 5 pieces (Priests: 0)
2025-12-11 15:38:05,641 - game3d.game.turnmove - INFO - Move 200: BLACK PAWN [2 5 4]->[1 6 3] (Capture)
2025-12-11 15:38:06,729 - game3d.cache.manager - INFO - Initialized occupancy cache from board setup: 486 pieces
2025-12-11 15:38:06,731 - game3d.cache.manager - DEBUG - Created cache manager #2 for board 140139003680592
2025-12-11 15:38:08,311 - game3d.game.turnmove - INFO - Move 300: BLACK BLACKHOLE [6 0 7]->[6 0 6] (Capture)
2025-12-11 15:38:10,274 - game3d.movement.generator - WARNING - [_apply_all_filters] ALL moves filtered by KING_SAFETY
2025-12-11 15:38:10,274 - game3d.cache.caches.movecache - DEBUG - No legal moves for BLACK - 30 pieces (Priests: 0)
2025-12-11 15:38:10,277 - game3d.movement.generator - WARNING - [_apply_all_filters] ALL moves filtered by KING_SAFETY
2025-12-11 15:38:10,277 - game3d.cache.caches.movecache - DEBUG - No legal moves for BLACK - 30 pieces (Priests: 0)
2025-12-11 15:38:10,344 - game3d.game.terminal - WARNING - Game over: Checkmate (Winner: WHITE, Turn: 1039)
2025-12-11 15:38:10,344 - game3d.game.terminal - WARNING -   - White: Priests=0, King=(3,2,2)
2025-12-11 15:38:10,344 - game3d.game.terminal - WARNING -   - Black: Priests=0, King=(3,0,2)
2025-12-11 15:38:10,344 - game3d.game.terminal - WARNING -   - Attackers: KING at (3, 1, 2)
2025-12-11 15:38:10,348 - game3d.movement.generator - WARNING - [_apply_all_filters] ALL moves filtered by KING_SAFETY
2025-12-11 15:38:10,348 - game3d.cache.caches.movecache - DEBUG - No legal moves for BLACK - 30 pieces (Priests: 0)
2025-12-11 15:38:10,349 - worker.5 - DEBUG - Worker 5: Game over detected via receipt (result=1)
2025-12-11 15:38:10,360 - game3d.movement.generator - WARNING - [_apply_all_filters] ALL moves filtered by KING_SAFETY
2025-12-11 15:38:10,362 - game3d.cache.caches.movecache - DEBUG - No legal moves for BLACK - 30 pieces (Priests: 0)
2025-12-11 15:38:10,364 - game3d.movement.generator - WARNING - [_apply_all_filters] ALL moves filtered by KING_SAFETY
2025-12-11 15:38:10,364 - game3d.cache.caches.movecache - DEBUG - No legal moves for BLACK - 30 pieces (Priests: 0)
2025-12-11 15:38:11,069 - game3d.cache.manager - INFO - Initialized occupancy cache from board setup: 486 pieces
2025-12-11 15:38:11,070 - game3d.cache.manager - DEBUG - Created cache manager #2 for board 140536803834896
2025-12-11 15:38:13,821 - game3d.game.turnmove - INFO - Move 300: BLACK SPEEDER [1 7 6]->[2 7 6] (Move)
2025-12-11 15:38:15,673 - game3d.game.turnmove - INFO - Move 100: WHITE KNIGHT32 [6 4 5]->[3 4 7] (Capture)
2025-12-11 15:38:16,716 - game3d.game.turnmove - INFO - Move 400: BLACK XYQUEEN [3 5 6]->[4 6 5] (Capture)
2025-12-11 15:38:17,421 - game3d.game.turnmove - INFO - Move 800: WHITE NEBULA [5 5 5]->[4 4 6] (Move)
2025-12-11 15:38:20,087 - game3d.game.turnmove - INFO - Move 100: BLACK KNIGHT31 [4 6 8]->[4 7 5] (Move)
2025-12-11 15:38:20,287 - game3d.game.turnmove - INFO - Move 900: WHITE FREEZER [2 5 2]->[3 5 3] (Move)
2025-12-11 15:38:22,512 - game3d.game.turnmove - INFO - Move 400: BLACK PAWN [0 5 6]->[0 5 4] (Move)
2025-12-11 15:38:24,352 - game3d.game.turnmove - INFO - Move 200: WHITE KNIGHT [3 2 3]->[4 2 5] (Capture)
2025-12-11 15:38:25,282 - game3d.game.turnmove - INFO - Move 600: BLACK BOMB [1 4 5]->[0 4 4] (Capture)
2025-12-11 15:38:27,915 - game3d.game.turnmove - INFO - Move 500: WHITE MIRROR [3 7 3]->[2 8 2] (Capture)
2025-12-11 15:38:28,406 - game3d.game.turnmove - INFO - Move 200: WHITE NEBULA [5 4 1]->[4 3 2] (Capture)
2025-12-11 15:38:30,337 - game3d.game.turnmove - INFO - Move 900: BLACK PANEL [4 5 6]->[3 4 5] (Capture)
2025-12-11 15:38:31,974 - game3d.game.turnmove - INFO - Move 500: BLACK WHITEHOLE [1 4 5]->[1 5 6] (Move)
2025-12-11 15:38:32,253 - game3d.game.turnmove - INFO - Move 300: BLACK PAWN [0 5 7]->[5 0 2] (Capture)
2025-12-11 15:38:36,264 - game3d.game.turnmove - INFO - Move 300: WHITE NEBULA [4 6 3]->[3 5 3] (Move)
2025-12-11 15:38:39,563 - game3d.game.turnmove - INFO - Move 400: WHITE PAWN [5 8 4]->[6 7 5] (Capture)
2025-12-11 15:38:40,492 - game3d.game.turnmove - INFO - Move 400: WHITE PAWN [3 4 2]->[4 5 3] (Capture)
2025-12-11 15:38:40,871 - game3d.game.turnmove - INFO - Move 400: WHITE XYQUEEN [7 4 4]->[7 4 5] (Capture)
2025-12-11 15:38:46,738 - game3d.game.turnmove - INFO - Move 500: BLACK WHITEHOLE [8 6 7]->[8 5 7] (Move)
2025-12-11 15:38:48,846 - game3d.game.turnmove - INFO - Move 1000: WHITE WALL [4 5 2]->[4 5 3] (Move)
2025-12-11 15:38:52,844 - game3d.game.turnmove - INFO - Move 600: BLACK PAWN [5 8 6]->[5 8 5] (Move)
2025-12-11 15:39:02,811 - game3d.game.turnmove - INFO - Move 700: WHITE XZQUEEN [2 1 0]->[1 1 1] (Move)
2025-12-11 15:39:03,619 - game3d.game.turnmove - INFO - Move 1000: WHITE WHITEHOLE [5 4 0]->[4 4 0] (Move)
2025-12-11 15:39:03,831 - game3d.movement.generator - WARNING - [_apply_all_filters] ALL moves filtered by KING_SAFETY
2025-12-11 15:39:03,831 - game3d.cache.caches.movecache - DEBUG - No legal moves for BLACK - 68 pieces (Priests: 0)
2025-12-11 15:39:03,837 - game3d.movement.generator - WARNING - [_apply_all_filters] ALL moves filtered by KING_SAFETY
2025-12-11 15:39:03,837 - game3d.cache.caches.movecache - DEBUG - No legal moves for BLACK - 68 pieces (Priests: 0)
2025-12-11 15:39:03,838 - game3d.game.terminal - WARNING - Game over: Checkmate (Winner: WHITE, Turn: 705)
2025-12-11 15:39:03,838 - game3d.game.terminal - WARNING -   - White: Priests=0, King=(1,6,3)
2025-12-11 15:39:03,838 - game3d.game.terminal - WARNING -   - Black: Priests=0, King=(3,6,2)
2025-12-11 15:39:03,838 - game3d.game.terminal - WARNING -   - Attackers: KING at (2, 6, 2)
2025-12-11 15:39:03,841 - game3d.movement.generator - WARNING - [_apply_all_filters] ALL moves filtered by KING_SAFETY
2025-12-11 15:39:03,841 - game3d.cache.caches.movecache - DEBUG - No legal moves for BLACK - 68 pieces (Priests: 0)
2025-12-11 15:39:03,841 - worker.3 - DEBUG - Worker 3: Game over detected via receipt (result=1)
2025-12-11 15:39:03,851 - game3d.movement.generator - WARNING - [_apply_all_filters] ALL moves filtered by KING_SAFETY
2025-12-11 15:39:03,852 - game3d.cache.caches.movecache - DEBUG - No legal moves for BLACK - 68 pieces (Priests: 0)
2025-12-11 15:39:03,855 - game3d.movement.generator - WARNING - [_apply_all_filters] ALL moves filtered by KING_SAFETY
2025-12-11 15:39:03,855 - game3d.cache.caches.movecache - DEBUG - No legal moves for BLACK - 68 pieces (Priests: 0)
2025-12-11 15:39:04,438 - game3d.cache.manager - INFO - Initialized occupancy cache from board setup: 486 pieces
2025-12-11 15:39:04,438 - game3d.cache.manager - DEBUG - Created cache manager #3 for board 140139611351568
2025-12-11 15:39:04,752 - game3d.game.turnmove - INFO - Move 600: BLACK PANEL [3 6 7]->[4 7 6] (Move)
2025-12-11 15:39:05,813 - game3d.game.turnmove - INFO - Move 1100: WHITE YZZIGZAG [8 2 4]->[8 2 5] (Move)
2025-12-11 15:39:07,286 - game3d.game.turnmove - INFO - Move 900: WHITE NEBULA [4 0 3]->[5 1 4] (Move)
2025-12-11 15:39:12,206 - game3d.game.turnmove - INFO - Move 100: BLACK QUEEN [0 3 7]->[5 3 2] (Capture)
2025-12-11 15:39:19,232 - game3d.game.turnmove - INFO - Move 200: BLACK PAWN [2 0 6]->[2 0 5] (Capture)
2025-12-11 15:39:19,833 - InferenceServer - INFO - Server shutting down.
2025-12-11 15:39:19,835 - training.parallel_self_play - INFO - Stopping Server...
2025-12-11 15:39:19,832 - worker.2 - ERROR - Worker 2 failed: CPUDispatcher(<function _compute_bit_ops_set at 0x7fdc9f32d440>) returned a result with an exception set
Traceback (most recent call last):
  File "/home/salamimommy/Documents/code/3dgame/venv/lib/python3.13/site-packages/numba/core/serialize.py", line 30, in _numba_unpickle
    def _numba_unpickle(address, bytedata, hashed):
    
KeyboardInterrupt

The above exception was the direct cause of the following exception:

Traceback (most recent call last):
  File "/home/salamimommy/Documents/code/3d-chess-for-AI/training/parallel_self_play.py", line 309, in _game_worker_client
    receipt = game.submit_move(submit_move)
  File "/home/salamimommy/Documents/code/3d-chess-for-AI/game3d/main_game.py", line 79, in submit_move
    validation_error = turnmove.validate_move_integrated(self._state, move)
  File "/home/salamimommy/Documents/code/3d-chess-for-AI/game3d/game/turnmove.py", line 83, in validate_move_integrated
    legal_moves_list = legal_moves(game_state)
  File "/home/salamimommy/Documents/code/3d-chess-for-AI/game3d/game/turnmove.py", line 51, in legal_moves
    return generate_legal_moves(game_state)
  File "/home/salamimommy/Documents/code/3d-chess-for-AI/game3d/movement/generator.py", line 571, in generate_legal_moves
    return _generator.generate(state)
           ~~~~~~~~~~~~~~~~~~~^^^^^^^
  File "/home/salamimommy/Documents/code/3d-chess-for-AI/game3d/movement/generator.py", line 64, in generate
    return self.generate_fused(state)
           ~~~~~~~~~~~~~~~~~~~^^^^^^^
  File "/home/salamimommy/Documents/code/3d-chess-for-AI/game3d/movement/generator.py", line 92, in generate_fused
    final_moves = self._generate_raw_pseudolegal(state)
  File "/home/salamimommy/Documents/code/3d-chess-for-AI/game3d/movement/generator.py", line 155, in _generate_raw_pseudolegal
    self._cache_piece_moves(cache_manager, batch_new_moves[:, :3], batch_new_moves, state.color)
    ~~~~~~~~~~~~~~~~~~~~~~~^^^^^^^^^^^^^^^^^^^^^^^^^^^^^^^^^^^^^^^^^^^^^^^^^^^^^^^^^^^^^^^^^^^^^
  File "/home/salamimommy/Documents/code/3d-chess-for-AI/game3d/movement/generator.py", line 309, in _cache_piece_moves
    cache_manager.move_cache.store_piece_moves(color, key, moves)
    ~~~~~~~~~~~~~~~~~~~~~~~~~~~~~~~~~~~~~~~~~~^^^^^^^^^^^^^^^^^^^
  File "/home/salamimommy/Documents/code/3d-chess-for-AI/game3d/cache/caches/movecache.py", line 1105, in store_piece_moves
    self._update_reverse_map(piece_id, moves)
    ~~~~~~~~~~~~~~~~~~~~~~~~^^^^^^^^^^^^^^^^^
  File "/home/salamimommy/Documents/code/3d-chess-for-AI/game3d/cache/caches/movecache.py", line 1147, in _update_reverse_map
    set_flats, set_blocks, set_masks = _compute_bit_ops_set(
                                       ~~~~~~~~~~~~~~~~~~~~^
        new_targets, piece_key, SIZE
        ^^^^^^^^^^^^^^^^^^^^^^^^^^^^
    )
    ^
SystemError: CPUDispatcher(<function _compute_bit_ops_set at 0x7fdc9f32d440>) returned a result with an exception set
2025-12-11 15:39:19,832 - worker.3 - ERROR - Worker 3 failed: CPUDispatcher(<function _compute_bit_ops_clear at 0x7f75d1a311c0>) returned a result with an exception set
Traceback (most recent call last):
  File "/home/salamimommy/Documents/code/3dgame/venv/lib/python3.13/site-packages/numba/core/serialize.py", line 30, in _numba_unpickle
    def _numba_unpickle(address, bytedata, hashed):
    
KeyboardInterrupt

The above exception was the direct cause of the following exception:

Traceback (most recent call last):
  File "/home/salamimommy/Documents/code/3d-chess-for-AI/training/parallel_self_play.py", line 309, in _game_worker_client
    receipt = game.submit_move(submit_move)
  File "/home/salamimommy/Documents/code/3d-chess-for-AI/game3d/main_game.py", line 79, in submit_move
    validation_error = turnmove.validate_move_integrated(self._state, move)
  File "/home/salamimommy/Documents/code/3d-chess-for-AI/game3d/game/turnmove.py", line 83, in validate_move_integrated
    legal_moves_list = legal_moves(game_state)
  File "/home/salamimommy/Documents/code/3d-chess-for-AI/game3d/game/turnmove.py", line 51, in legal_moves
    return generate_legal_moves(game_state)
  File "/home/salamimommy/Documents/code/3d-chess-for-AI/game3d/movement/generator.py", line 571, in generate_legal_moves
    return _generator.generate(state)
           ~~~~~~~~~~~~~~~~~~~^^^^^^^
  File "/home/salamimommy/Documents/code/3d-chess-for-AI/game3d/movement/generator.py", line 64, in generate
    return self.generate_fused(state)
           ~~~~~~~~~~~~~~~~~~~^^^^^^^
  File "/home/salamimommy/Documents/code/3d-chess-for-AI/game3d/movement/generator.py", line 92, in generate_fused
    final_moves = self._generate_raw_pseudolegal(state)
  File "/home/salamimommy/Documents/code/3d-chess-for-AI/game3d/movement/generator.py", line 155, in _generate_raw_pseudolegal
    self._cache_piece_moves(cache_manager, batch_new_moves[:, :3], batch_new_moves, state.color)
    ~~~~~~~~~~~~~~~~~~~~~~~^^^^^^^^^^^^^^^^^^^^^^^^^^^^^^^^^^^^^^^^^^^^^^^^^^^^^^^^^^^^^^^^^^^^^
  File "/home/salamimommy/Documents/code/3d-chess-for-AI/game3d/movement/generator.py", line 309, in _cache_piece_moves
    cache_manager.move_cache.store_piece_moves(color, key, moves)
    ~~~~~~~~~~~~~~~~~~~~~~~~~~~~~~~~~~~~~~~~~~^^^^^^^^^^^^^^^^^^^
  File "/home/salamimommy/Documents/code/3d-chess-for-AI/game3d/cache/caches/movecache.py", line 1105, in store_piece_moves
    self._update_reverse_map(piece_id, moves)
    ~~~~~~~~~~~~~~~~~~~~~~~~^^^^^^^^^^^^^^^^^
  File "/home/salamimommy/Documents/code/3d-chess-for-AI/game3d/cache/caches/movecache.py", line 1132, in _update_reverse_map
    clear_flats, clear_blocks, clear_masks = _compute_bit_ops_clear(
                                             ~~~~~~~~~~~~~~~~~~~~~~^
        old_targets, piece_key, SIZE
        ^^^^^^^^^^^^^^^^^^^^^^^^^^^^
    )
    ^
SystemError: CPUDispatcher(<function _compute_bit_ops_clear at 0x7f75d1a311c0>) returned a result with an exception set
2025-12-11 15:39:19,914 - game3d.cache.manager - INFO - Initialized occupancy cache from board setup: 486 pieces
2025-12-11 15:39:19,914 - game3d.cache.manager - DEBUG - Created cache manager #4 for board 140144174827936
2025-12-11 15:39:19,918 - game3d.cache.manager - INFO - Initialized occupancy cache from board setup: 486 pieces
2025-12-11 15:39:19,918 - game3d.cache.manager - DEBUG - Created cache manager #2 for board 140580119109184
2025-12-11 15:39:20,211 - __main__ - INFO - Training interrupted by user
2025-12-11 15:39:20,529 - __main__ - INFO - ðŸ§¹ Clearing all caches...
